Wall 69 removed.
Wall 115 removed.
Wall 15 removed.
Wall 30 removed.
Wall 160 removed.
Wall 244 removed.
Wall 146 removed.
Wall 178 removed.
Wall 57 removed.
Wall 246 removed.
Wall 106 removed.
Wall 28 removed.
Wall 42 removed.
Wall 50 removed.
Wall 162 removed.
Wall 84 removed.
Wall 31 removed.
Wall 129 removed.
Wall 117 removed.
Wall 140 removed.
Wall 255 removed.
Wall 127 removed.
Wall 237 removed.
Wall 198 removed.
Wall 99 removed.
Wall 257 removed.
Wall 65 removed.
Wall 19 removed.
Wall 55 removed.
Wall 251 removed.
Wall 193 removed.
Wall 243 removed.
Wall 149 removed.
Wall 213 removed.
Wall 209 removed.
Wall 132 removed.
Wall 240 removed.
Wall 24 removed.
Wall 236 removed.
Wall 227 removed.
Wall 152 removed.
Wall 248 removed.
Wall 67 removed.
Wall 182 removed.
Wall 222 removed.
Wall 111 removed.
Wall 61 removed.
Wall 224 removed.
Wall 241 removed.
Wall 215 removed.
Wall 118 removed.
Wall 18 removed.
Wall 77 removed.
Wall 157 removed.
Wall 153 removed.
Wall 207 removed.
Wall 131 removed.
Wall 76 removed.
Wall 20 removed.
Wall 120 removed.
Wall 150 removed.
Wall 190 removed.
Wall 217 removed.
Wall 223 removed.
Wall 123 removed.
Wall 163 removed.
Wall 197 removed.
Wall 89 removed.
Wall 86 removed.
Wall 71 removed.
Wall 78 removed.
Wall 208 removed.
Wall 194 removed.
Wall 239 removed.
Wall 85 removed.
Wall 36 removed.
Wall 155 removed.
Wall 130 removed.
Wall 263 removed.
Wall 114 removed.
Wall 254 removed.
Wall 234 removed.
Wall 225 removed.
Wall 88 removed.
Wall 113 removed.
Wall 29 removed.
Wall 73 removed.
Wall 126 removed.
Wall 104 removed.
Wall 200 removed.
Wall 6 removed.
Wall 25 removed.
Wall 262 removed.
Wall 70 removed.
Wall 171 removed.
Wall 169 removed.
Wall 141 removed.
Wall 183 removed.
Wall 188 removed.
Wall 122 removed.
Wall 47 removed.
Wall 2 removed.
Wall 16 removed.
Wall 147 removed.
Wall 165 removed.
Wall 101 removed.
Wall 97 removed.
Wall 93 removed.
Wall 231 removed.
Wall 218 removed.
Wall 51 removed.
Wall 92 removed.
Wall 137 removed.
Wall 143 removed.
Wall 12 removed.
Wall 191 removed.
Wall 261 removed.
Wall 7 removed.
Wall 238 removed.
Wall 41 removed.
Wall 205 removed.
Wall 59 removed.
Wall 164 removed.
Wall 87 removed.
Wall 49 removed.
Wall 174 removed.
Wall 186 removed.
Wall 79 removed.
Wall 38 removed.
Wall 136 removed.
Wall 66 removed.
Wall 202 removed.
Wall 247 removed.
Wall 116 removed.
Wall 23 removed.
Wall 232 removed.
Wall 229 removed.
Wall 11 removed.
Wall 54 removed.
Wall 83 removed.
Wall 64 removed.
Wall 22 removed.
Wall 13 removed.
Wall 0 removed.
Wall 265 removed.
Wall 81 removed.
+ +-+-+-+-+-+-+-+-+-+-+-+-+-+-+-+-+-+-+-+-+
|   |   | | |     | | |       |     |     |
+ +-+ + + + +-+-+ + + + +-+-+-+-+ +-+ +-+-+
|     | | | |   |       | |     |   |   | |
+ +-+-+ + + + +-+ + + +-+ +-+-+ + + + +-+ +
| |               | |     | | |   |   |   |
+-+-+ +-+ +-+-+-+-+ +-+ + + + + + +-+ +-+ +
|   | |     |         | | |     | |     | |
+ +-+-+ + +-+ + +-+ + +-+ +-+ +-+-+ +-+ + +
|     | | |   |   | |   | | |   | | |     |
+-+-+ +-+ +-+ + +-+ + +-+-+ + +-+ +-+ +-+-+
|   |       | | |   |   |     | | |       |
+ +-+ +-+ +-+ + +-+ +-+ + + + + + +-+ + +-+
|       | |   | |     |   | | |       |   |
+-+-+-+-+-+-+-+-+-+-+-+-+-+-+-+-+-+-+-+-+ +
