+-+-+@+-+-+-+-+-+-+-+-+-+-+-+-+-+-+-+-+-+-+-+-+-+-+-+-+-+-+-+-+-+-+-+-+-+-+-+-+-+-+-+-+-+-+-+-+-+-+-+-+-+
| |  @|   | |   |     |   |         | |         |     |   |   | | |   |     |   |   |   |     |   |     |
+ +-+@+ +-+ + +-+-+-+ + +-+ +-+ +-+-+ + + + +-+-+ +-+-+ +-+ +-+ + + +-+ +-+-+-+ + +-+ +-+ +-+ + +-+ +-+-+
|   |@@@@@|           |       |     | | | |   | |   |@@@| |     |   |         |   |     |   | |   |     |
+ +-+-+-+@+-+-+-+-+-+ +-+ + + +-+ +-+ + +-+ +-+ + +-+@+@+ + +-+ +-+ + + +-+ +-+-+ + +-+-+-+-+ +-+ + +-+-+
|        @  | | |     |   | | |   | |     | | |   | |@|@@@| |     |   | |   |       | |   |     |   |   |
+ +-+-+-+@+-+ + +-+ +-+ +-+-+ +-+-+ +-+-+ +-+ +-+ + +@+-+@+ +-+-+ +-+-+ +-+-+ + + +-+ + +-+ +-+ + + +-+ +
|   |  @@@  | |   |   |   |       | |       | |   |@@@|  @@@    | |   |       | |     |     | |   |   | |
+ + +-+@+-+-+ + +-+ +-+-+ +-+ + +-+ + +-+ + + + + +@+-+-+ +@+-+-+ +-+ +-+ +-+ +-+-+-+-+ + +-+ + +-+ + + +
| | |  @|     | | | |   | |   | |     |   | |   |  @@@@@| |@|     |         |     |     |     |   | |   |
+-+ +-+@+-+-+ + + + + + +-+-+-+ +-+-+ + +-+ +-+ + +-+ +@+-+@+-+ +-+ +-+-+-+-+ +-+-+ +-+-+ +-+-+ +-+ +-+-+
|   |  @    |    @@@@@|     |       | |   | |   | |   |@| |@  |     | | |       | | | | |     | | |     |
+-+-+-+@+-+-+-+-+@+-+@+-+ +-+-+-+-+ + +-+ + + +-+-+-+-+@+ +@+ +-+-+-+ + +-+ +-+ + +-+ + + +-+ +-+ + + +-+
|   |  @@@@@|  @@@  |@@@| |   |   |   |   | | | |    @@@|@@@| | | |         |     | | | | |       | |   |
+-+ +-+-+ +@+-+@+-+ +-+@+-+-+ + +-+ +-+-+-+ + + +-+-+@+-+@+-+-+ + +-+-+-+ +-+-+-+-+ + + + + +-+ +-+ +-+ +
|         |@@@@@|     |@@@| | |     | |       |   |@@@  |@|           |           | |     |   |   |   | |
+-+-+ +-+ +-+ +-+-+ + +-+@+ + +-+ +-+ +-+-+-+-+-+ +@+-+-+@+ +-+ +-+-+-+ +-+-+-+-+-+ +-+-+-+ +-+ + +-+-+ +
|     |     | | | | | | |@@@  | | | |  @@@@@@@|@@@@@|    @    | |       |   |       | | |     | |   | | |
+-+-+ +-+ +-+-+ + +-+-+ +-+@+-+ +-+ +-+@+-+ +@+@+-+-+-+-+@+-+-+-+-+-+-+ + + +-+-+-+ + + + + +-+-+-+-+ +-+
|     | |   | |     | |    @@@@@|    @@@| | |@@@  | | | |@| |     |   |   |     | | |     |   |     |   |
+-+-+-+ +-+ + +-+ +-+ +-+-+-+-+@+-+-+@+-+ +-+-+-+-+ + + +@+ + +-+-+-+ + +-+-+-+-+ + + +-+-+-+ + +-+-+ + +
|   |           |   | |   | |@@@|   |@  | | |            @@@    | | | |   |   | |       | | |         | |
+-+ + +-+-+ +-+ + +-+ +-+ + +@+-+-+ +@+ + + +-+ +-+ + +-+-+@+-+-+ + + +-+ + +-+ +-+ +-+ + + + +-+-+-+ +-+
|   |     |   |   |   | |    @@@|   |@|   |       | |   | |@|       |   | |   | |   |       |     | |    
+ +-+ +-+-+ + + +-+-+ + + +-+-+@+ +-+@+ + +-+-+ +-+ + + + +@+-+ +-+-+ +-+-+-+ + +-+ + + + +-+-+ +-+ + +-+
|       | | | |   | | |       |@@@@@@@| |   |     | | |   |@|   |   |     |     |   | | | |   |   | | | |
+-+-+ +-+ +-+ +-+ + + + +-+-+-+-+ +-+-+-+ + +-+-+-+-+-+-+-+@+ +-+ +-+-+ + + +-+-+-+ +-+ +-+ + +-+-+ +-+ +
|   | |     |   | |   | | |         | |   | |   | | |      @@@@@@@      |     |   | |       | | | |     |
+-+ + +-+-+ + + + + +-+-+ + + +-+ + + + +-+-+-+ + + + +-+ + +-+ +@+ +-+ +-+ +-+-+ +-+ + + +-+ + + + +-+-+
|   |   |   | | | | |   |   | | | | |   | |         | |   |   | |@| |     |   |       | | |     |       |
+ + +-+ + +-+-+-+ + + + + +-+-+ +-+-+-+-+ + +-+-+ +-+ +-+-+-+-+-+@+-+-+-+-+ +-+ + +-+-+-+ +-+-+ +-+ +-+ +
| | |   | |   |     | |       |     |   |     |     |     | |    @  |     | |   | |   | | |     |     | |
+-+ + +-+ +-+ + + +-+ + +-+-+ + +-+ + +-+ +-+ +-+ +-+ +-+ + +-+-+@+-+ + +-+-+ +-+ +-+ + +-+-+ +-+ + +-+-+
|       |     | | | | |   |   | |       |   | |     | |   |   |  @@@| | | |     |     |     |   | |     |
+ +-+-+-+ + + + +-+ +-+-+-+ +-+ +-+ +-+-+-+-+ + +-+ +-+ +-+ + + +-+@+ +-+ +-+-+-+ +-+-+-+ +-+-+ + +-+ + +
|   | |   | |       |   | |   |   |   |   |   | |   |       | | |  @@@          | | |   | |   | |   | | |
+ +-+ +-+-+ + +-+ +-+-+ + + +-+-+ +-+ + +-+-+-+ +-+-+-+ +-+-+ +-+-+ +@+ +-+-+-+-+ + +-+ + +-+ + + +-+ + +
|     |     | |   |     | |   | | | |   |   | |   | |   |       |   |@| |     |   | |  @@@@@@@| | |   | |
+ + + + +-+ +-+-+-+ +-+-+ + +-+ + + + +-+-+ + + + + +-+-+-+-+-+ +-+-+@+-+-+-+ + +-+ +-+@+-+-+@+-+-+ +-+-+
| | | |   |     | | |   |     |   |     |   |   |             | |  @@@|  @@@@@@@@@@@@@@@  |  @@@@@|     |
+-+ +-+-+-+ + +-+ + + +-+-+-+ +-+-+-+-+ + +-+ + +-+-+-+ + + +-+-+-+@+-+-+@+ +-+-+ + + +-+ +-+ + +@+ + + +
|   | |   | |   | |   |     |       |         |   |     | | |      @@@@@@@| |     | | |     | | |@@@| | |
+ +-+ + + +-+ +-+ +-+ + + +-+-+ +-+-+-+ + +-+-+-+-+-+-+ + + + +-+ +-+ +-+-+-+-+-+ +-+ + +-+-+ +-+ +@+-+-+
| |   | | |     |   |   | |   |         |   |   |       | | |   |   |   |   |   |   | | |   | |   |@@@@@|
+ +-+ +-+ +-+ +-+ +-+ +-+-+ + + +-+-+ +-+ +-+ +-+ +-+ + +-+-+ +-+-+-+-+ +-+ +-+ +-+-+-+-+ +-+ + +-+-+-+@+
|   | |   | |           |   |       |   |       |   | | | | | |         |       |             | |      @|
+ +-+ + +-+ +-+ + +-+ +-+-+ + +-+ +-+-+ + +-+ + +-+-+-+ + + +-+ + +-+-+ + +-+ +-+-+ + +-+-+ +-+-+-+-+-+-+
| |   |   |     | |   |     |   |   | | | |   | |     |     |   |     | | |   | |   |   | |   |     |   |
+ +-+ + +-+ +-+ +-+ + +-+-+ + + +-+-+ + +-+ +-+-+ + + + +-+ +-+-+ + +-+ + +-+ + +-+ + + + +-+ +-+ +-+-+ +
|     |     |     | | |     | |     |     |       | | |   |     | | |       |   |   | |   |             |
+-+-+-+-+-+-+-+-+-+-+-+-+-+-+-+-+-+-+-+-+-+-+-+-+-+-+-+-+-+-+-+-+-+-+-+-+-+-+-+-+-+-+-+-+-+-+-+-+-+-+-+-+
Starts in room at row = 1 and column = 3.
Ends in room at row = 23 and column = 52.
Cost of shortest path = 115.
Maximum level = 141.
